Flutter crash report.
Please report a bug at https://github.com/flutter/flutter/issues.

## command

flutter run --machine --start-paused -d 00008030-001344D13600202E --devtools-server-address http://127.0.0.1:9100/ --target /Users/akincanaksoy/Documents/agrowio_flutter_app/lib/main.dart

## exception

FileSystemException: FileSystemException: readInto failed, path = '/Users/akincanaksoy/Documents/agrowio_flutter_app/.dart_tool/version' (OS Error: Operation timed out, errno = 60)

```
#0      _RandomAccessFile.readIntoSync (dart:io/file_impl.dart:834:7)
#1      _File.readAsBytesSync (dart:io/file_impl.dart:593:35)
#2      _File.readAsStringSync (dart:io/file_impl.dart:624:18)
#3      ForwardingFile.readAsStringSync (package:file/src/forwarding/forwarding_file.dart:99:16)
#4      ErrorHandlingFile.readAsStringSync.<anonymous closure> (package:flutter_tools/src/base/error_handling_io.dart:218:22)
#5      _runSync (package:flutter_tools/src/base/error_handling_io.dart:590:14)
#6      ErrorHandlingFile.readAsStringSync (package:flutter_tools/src/base/error_handling_io.dart:217:12)
#7      _DefaultPub.get (package:flutter_tools/src/dart/pub.dart:302:21)
#8      FlutterCommand.verifyThenRunCommand (package:flutter_tools/src/runner/flutter_command.dart:1597:17)
<asynchronous suspension>
#9      FlutterCommand.run.<anonymous closure> (package:flutter_tools/src/runner/flutter_command.dart:1297:27)
<asynchronous suspension>
#10     AppContext.run.<anonymous closure> (package:flutter_tools/src/base/context.dart:150:19)
<asynchronous suspension>
#11     CommandRunner.runCommand (package:args/command_runner.dart:212:13)
<asynchronous suspension>
#12     FlutterCommandRunner.runCommand.<anonymous closure> (package:flutter_tools/src/runner/flutter_command_runner.dart:339:9)
<asynchronous suspension>
#13     AppContext.run.<anonymous closure> (package:flutter_tools/src/base/context.dart:150:19)
<asynchronous suspension>
#14     FlutterCommandRunner.runCommand (package:flutter_tools/src/runner/flutter_command_runner.dart:285:5)
<asynchronous suspension>
#15     run.<anonymous closure>.<anonymous closure> (package:flutter_tools/runner.dart:115:9)
<asynchronous suspension>
#16     AppContext.run.<anonymous closure> (package:flutter_tools/src/base/context.dart:150:19)
<asynchronous suspension>
#17     main (package:flutter_tools/executable.dart:90:3)
<asynchronous suspension>
```

## flutter doctor

```
[✓] Flutter (Channel stable, 3.13.6, on macOS 14.2.1 23C71 darwin-arm64, locale tr-TR)
    • Flutter version 3.13.6 on channel stable at /Users/akincanaksoy/development/flutter
    • Upstream repository https://github.com/flutter/flutter.git
    • Framework revision ead455963c (4 months ago), 2023-09-26 18:28:17 -0700
    • Engine revision a794cf2681
    • Dart version 3.1.3
    • DevTools version 2.25.0

[✗] Android toolchain - develop for Android devices
    • Android SDK at /Users/akincanaksoy/Library/Android/sdk
    ✗ cmdline-tools component is missing
      Run `path/to/sdkmanager --install "cmdline-tools;latest"`
      See https://developer.android.com/studio/command-line for more details.

[✓] Xcode - develop for iOS and macOS (Xcode 15.1)
    • Xcode at /Applications/Xcode.app/Contents/Developer
    • Build 15C65
    • CocoaPods version 1.13.0

[✓] Chrome - develop for the web
    • Chrome at /Applications/Google Chrome.app/Contents/MacOS/Google Chrome

[!] Android Studio (not installed)
    • Android Studio not found; download from https://developer.android.com/studio/index.html
      (or visit https://flutter.dev/docs/get-started/install/macos#android-setup for detailed instructions).

[✓] VS Code (version 1.78.2)
    • VS Code at /Users/akincanaksoy/Downloads/Visual Studio Code.app/Contents
    • Flutter extension version 3.80.0

[✓] Connected device (3 available)
    • Akın Can iPhone’u (mobile) • 00008030-001344D13600202E • ios            • iOS 17.2.1 21C66
    • macOS (desktop)            • macos                     • darwin-arm64   • macOS 14.2.1 23C71 darwin-arm64
    • Chrome (web)               • chrome                    • web-javascript • Google Chrome 121.0.6167.139
    ! Error: Browsing on the local area network for Berkay . Ensure the device is unlocked and attached with a cable or associated with the same local area network as this Mac.
      The device must be opted into Developer Mode to connect wirelessly. (code -27)

[✓] Network resources
    • All expected network resources are available.

! Doctor found issues in 2 categories.
```
